C51 COMPILER V9.60.0.0   MAIN                                                              01/15/2021 20:26:42 PAGE 1   


C51 COMPILER V9.60.0.0, COMPILATION OF MODULE MAIN
OBJECT MODULE PLACED IN .\Objects\main.obj
COMPILER INVOKED BY: C:\Keil_v5\C51\BIN\C51.EXE main.c OPTIMIZE(8,SPEED) BROWSE DEBUG OBJECTEXTEND PRINT(.\Listings\main
                    -.lst) TABS(2) OBJECT(.\Objects\main.obj)

line level    source

*** WARNING C500 IN LINE 1 OF main.c: LICENSE ERROR (R207(3): REGISTRY READ ERROR)

   1          #include "temper.h"
   2          #include "LEDdisplay.H"
   3          
   4          uint temperature = 0;
   5          uchar temp_L = 0;
   6          
   7          void led_init(){
   8   1        /*led fps = 50hz*/
   9   1        TMOD &= 0xF0;     //设置定时器模式
  10   1        TMOD |= 0x01;     //设置定时器模式
  11   1        TL0 = 0x00;       //设置定时初值
  12   1        TH0 = 0xEE;       //设置定时初值
  13   1        TF0 = 0;          //清除TF0标志
  14   1        EA = 1;           //开放所有中断
  15   1        ET0 = 1;          //开放定时器0中断控制位
  16   1        TR0 = 1;          //定时器0开始计时 
  17   1      }
  18          
  19          void led_disp_rate() interrupt 1 {
  20   1        TR0 = 0; 
  21   1        close_led();
  22   1        TL0 = 0x00;
  23   1        TH0 = 0xEE;
  24   1        set_disp_int(temperature);
  25   1        TR0 = 1;
  26   1      }
  27          
  28          void main(){  
  29   1        
  30   1        led_init();
  31   1        
  32   1        while(1){
  33   2          EA = 0;
  34   2          ds18b20_ack();
  35   2          DelayX2us(25);
  36   2          ds18b20_set_byte(0xcc);
  37   2          ds18b20_set_byte(0x44);
  38   2          
  39   2          ds18b20_ack();
  40   2          DelayX2us(25);
  41   2          ds18b20_set_byte(0xcc);
  42   2          ds18b20_set_byte(0xbe);
  43   2          
  44   2          temp_L = ds18b20_read_byte();
  45   2          temperature = ds18b20_read_byte();
  46   2          
  47   2          temperature = (temperature<<8) | temp_L;  
  48   2          temperature = temperature * 6 + temperature / 4;
  49   2          EA = 1;
  50   2        }
  51   1      }
  52          
  53          
C51 COMPILER V9.60.0.0   MAIN                                                              01/15/2021 20:26:42 PAGE 2   



MODULE INFORMATION:   STATIC OVERLAYABLE
   CODE SIZE        =    198    ----
   CONSTANT SIZE    =   ----    ----
   XDATA SIZE       =   ----    ----
   PDATA SIZE       =   ----    ----
   DATA SIZE        =      3    ----
   IDATA SIZE       =   ----    ----
   BIT SIZE         =   ----    ----
END OF MODULE INFORMATION.


C51 COMPILATION COMPLETE.  1 WARNING(S),  0 ERROR(S)
