C51 COMPILER V9.60.0.0   TEMPER                                                            01/15/2021 20:26:42 PAGE 1   


C51 COMPILER V9.60.0.0, COMPILATION OF MODULE TEMPER
OBJECT MODULE PLACED IN .\Objects\temper.obj
COMPILER INVOKED BY: C:\Keil_v5\C51\BIN\C51.EXE temper.c OPTIMIZE(8,SPEED) BROWSE DEBUG OBJECTEXTEND PRINT(.\Listings\te
                    -mper.lst) TABS(2) OBJECT(.\Objects\temper.obj)

line level    source

*** WARNING C500 IN LINE 1 OF temper.c: LICENSE ERROR (R207(3): REGISTRY READ ERROR)

   1          
   2          /*OneWire×ÜÏß*/
   3          
   4          #include "temper.h"
   5          
   6          void DelayX2us(uchar t){
   7   1        while(--t);
   8   1      }
   9          
  10          uchar ds18b20_ack(){
  11   1        pin_ds = 0;
  12   1        DelayX2us(250);
  13   1        pin_ds = 1;
  14   1        DelayX2us(30);
  15   1        return pin_ds;
  16   1      }
  17            
  18          void ds18b20_set_H(){
  19   1        pin_ds = 0;
  20   1        DelayX2us(1);
  21   1        pin_ds = 1;
  22   1        DelayX2us(30);
  23   1      }
  24          
  25          void ds18b20_set_L(){
  26   1        pin_ds=0;
  27   1        DelayX2us(10);
  28   1        pin_ds=1;
  29   1        DelayX2us(20);
  30   1      }
  31          
  32          void ds18b20_set_byte(uchar com){
  33   1        uchar i;
  34   1        for(i = 0; i <= 7; i++){
  35   2          if(com&0x01){
  36   3            ds18b20_set_H();
  37   3          }else{
  38   3            ds18b20_set_L();
  39   3          }
  40   2          com >>= 1;
  41   2        }
  42   1      }
  43          
  44          uchar ds18b20_read_bit(){
  45   1        pin_ds = 0;
  46   1        DelayX2us(1);
  47   1        pin_ds = 1;
  48   1        DelayX2us(4);
  49   1        return pin_ds;
  50   1      }
  51          
  52          uchar ds18b20_read_byte(){
  53   1        uchar i, com;
C51 COMPILER V9.60.0.0   TEMPER                                                            01/15/2021 20:26:42 PAGE 2   

  54   1        for(i = 0, com = 0; i <= 7; i++){
  55   2          com = (ds18b20_read_bit() << 7)|(com>>1);
  56   2        }
  57   1        return com;
  58   1      }
  59          
  60          /*
  61          invoke example
  62              ds18b20_ack();
  63              DelayX2us(25);
  64              ds18b20_set_byte(0xcc);
  65              ds18b20_set_byte(0x44);
  66          */


MODULE INFORMATION:   STATIC OVERLAYABLE
   CODE SIZE        =    140    ----
   CONSTANT SIZE    =   ----    ----
   XDATA SIZE       =   ----    ----
   PDATA SIZE       =   ----    ----
   DATA SIZE        =   ----    ----
   IDATA SIZE       =   ----    ----
   BIT SIZE         =   ----    ----
END OF MODULE INFORMATION.


C51 COMPILATION COMPLETE.  1 WARNING(S),  0 ERROR(S)
